<?xml version="1.0" encoding="utf-8"?><testsuites><testsuite name="pytest" errors="0" failures="0" skipped="0" tests="0" time="3.124" timestamp="2023-10-23T11:11:38.746336" hostname="sbsv-fpc-3" /></testsuites>